
Database Generation
Generation: Check model starting...
Generation: Check model successful.
Generation starting...
Sorting objects...
Sort completed.
Dropping Indexes...
-> Index : BOOKINGDETAIL_FK1 (BOOKINGDETAIL_FK1)
-> Index : BOOKINGDETAIL_FK2 (BOOKINGDETAIL_FK2)
-> Index : EXPANSIONDETAIL_FK1 (EXPANSIONDETAIL_FK1)
-> Index : EXPANSIONDETAIL_FK2 (EXPANSIONDETAIL_FK2)
-> Index : EXPANSION_FK1 (EXPANSION_FK1)
-> Index : ITEM_CLASSIFICATION_FK1 (ITEM_CLASSIFICATION_FK1)
-> Index : ITEM_CLASSIFICATION_FK2 (ITEM_CLASSIFICATION_FK2)
-> Index : ITEM_COPY_FK1 (ITEM_COPY_FK1)
-> Index : ITEM_FORMAT_FK1 (ITEM_FORMAT_FK1)
-> Index : ITEM_FORMAT_FK2 (ITEM_FORMAT_FK2)
-> Index : ITEM_ITEM_NAME_FK1 (ITEM_ITEM_NAME_FK1)
-> Index : ITEM_KEYWORD_FK1 (ITEM_KEYWORD_FK1)
-> Index : ITEM_KEYWORD_FK2 (ITEM_KEYWORD_FK2)
-> Index : ITEM_LANGUAGE_FK1 (ITEM_LANGUAGE_FK1)
-> Index : ITEM_LANGUAGE_FK2 (ITEM_LANGUAGE_FK2)
-> Index : ITEM_NOTE_FK1 (ITEM_NOTE_FK1)
-> Index : ITEM_OTHERTITLE_FK1 (ITEM_OTHERTITLE_FK1)
-> Index : ITEM_RELATIONSHIP_FK1 (ITEM_RELATIONSHIP_FK1)
-> Index : ITEM_RELATIONSHIP_FK2 (ITEM_RELATIONSHIP_FK2)
-> Index : LOANDETAIL_FK1 (LOANDETAIL_FK1)
-> Index : LOANDETAIL_FK2 (LOANDETAIL_FK2)
-> Index : MEMBER--BOOKING_FK1 (MEMBER--BOOKING_FK1)
-> Index : MEMBER--LOAN_FK1 (MEMBER--LOAN_FK1)
-> Index : MEMBER--MEMBERGROUP_FK1 (MEMBER--MEMBERGROUP_FK1)
-> Index : MEMBER--RETURN_FK1 (MEMBER--RETURN_FK1)
-> Index : NAME_ITEM_NAME_FK2 (NAME_ITEM_NAME_FK2)
-> Index : RETURNDETAIL_FK1 (RETURNDETAIL_FK1)
-> Index : RETURNDETAIL_FK2 (RETURNDETAIL_FK2)
Dropping Tables...
-> Table : BookingDetail (BOOKINGDETAIL)
-> Table : ReturnDetail (RETURNDETAIL)
-> Table : ExpansionDetail (EXPANSIONDETAIL)
-> Table : LoanDetail (LOANDETAIL)
-> Table : Booking (BOOKING)
-> Table : Loan (LOAN)
-> Table : Expansion (EXPANSION)
-> Table : Return (RETURN)
-> Table : Member (MEMBER)
-> Table : Item_Classification (ITEM_CLASSIFICATION)
-> Table : Item_Keyword (ITEM_KEYWORD)
-> Table : Item_Format (ITEM_FORMAT)
-> Table : Item_Language (ITEM_LANGUAGE)
-> Table : Item_Name (ITEM_NAME)
-> Table : Item_Relationship (ITEM_RELATIONSHIP)
-> Table : Librarian (LIBRARIAN)
-> Table : Transaction (TRANSACTION)
-> Table : Registration (REGISTRATION)
-> Table : Copy (COPY)
-> Table : MemberGroup (MEMBERGROUP)
-> Table : Classification (CLASSIFICATION)
-> Table : Note (NOTE)
-> Table : Keyword (KEYWORD)
-> Table : Format (FORMAT)
-> Table : Name (NAME)
-> Table : Language (LANGUAGE)
-> Table : OtherTitle (OTHERTITLE)
-> Table : Item (ITEM)
Creating Tables...
-> Table : Item (ITEM)
-> Table : OtherTitle (OTHERTITLE)
-> Table : Language (LANGUAGE)
-> Table : Name (NAME)
-> Table : Format (FORMAT)
-> Table : Keyword (KEYWORD)
-> Table : Note (NOTE)
-> Table : Classification (CLASSIFICATION)
-> Table : MemberGroup (MEMBERGROUP)
-> Table : Copy (COPY)
-> Table : Registration (REGISTRATION)
-> Table : Transaction (TRANSACTION)
-> Table : Librarian (LIBRARIAN)
-> Table : Item_Relationship (ITEM_RELATIONSHIP)
-> Table : Item_Name (ITEM_NAME)
-> Table : Item_Language (ITEM_LANGUAGE)
-> Table : Item_Format (ITEM_FORMAT)
-> Table : Item_Keyword (ITEM_KEYWORD)
-> Table : Item_Classification (ITEM_CLASSIFICATION)
-> Table : Member (MEMBER)
-> Table : Return (RETURN)
-> Table : Expansion (EXPANSION)
-> Table : Loan (LOAN)
-> Table : Booking (BOOKING)
-> Table : LoanDetail (LOANDETAIL)
-> Table : ExpansionDetail (EXPANSIONDETAIL)
-> Table : ReturnDetail (RETURNDETAIL)
-> Table : BookingDetail (BOOKINGDETAIL)
Modifying tables...
Creating Indexes...
-> Index : BOOKINGDETAIL_FK1 (BOOKINGDETAIL_FK1)
-> Index : BOOKINGDETAIL_FK2 (BOOKINGDETAIL_FK2)
-> Index : EXPANSIONDETAIL_FK1 (EXPANSIONDETAIL_FK1)
-> Index : EXPANSIONDETAIL_FK2 (EXPANSIONDETAIL_FK2)
-> Index : EXPANSION_FK1 (EXPANSION_FK1)
-> Index : ITEM_CLASSIFICATION_FK1 (ITEM_CLASSIFICATION_FK1)
-> Index : ITEM_CLASSIFICATION_FK2 (ITEM_CLASSIFICATION_FK2)
-> Index : ITEM_COPY_FK1 (ITEM_COPY_FK1)
-> Index : ITEM_FORMAT_FK1 (ITEM_FORMAT_FK1)
-> Index : ITEM_FORMAT_FK2 (ITEM_FORMAT_FK2)
-> Index : ITEM_ITEM_NAME_FK1 (ITEM_ITEM_NAME_FK1)
-> Index : ITEM_KEYWORD_FK1 (ITEM_KEYWORD_FK1)
-> Index : ITEM_KEYWORD_FK2 (ITEM_KEYWORD_FK2)
-> Index : ITEM_LANGUAGE_FK1 (ITEM_LANGUAGE_FK1)
-> Index : ITEM_LANGUAGE_FK2 (ITEM_LANGUAGE_FK2)
-> Index : ITEM_NOTE_FK1 (ITEM_NOTE_FK1)
-> Index : ITEM_OTHERTITLE_FK1 (ITEM_OTHERTITLE_FK1)
-> Index : ITEM_RELATIONSHIP_FK1 (ITEM_RELATIONSHIP_FK1)
-> Index : ITEM_RELATIONSHIP_FK2 (ITEM_RELATIONSHIP_FK2)
-> Index : LOANDETAIL_FK1 (LOANDETAIL_FK1)
-> Index : LOANDETAIL_FK2 (LOANDETAIL_FK2)
-> Index : MEMBER--BOOKING_FK1 (MEMBER--BOOKING_FK1)
-> Index : MEMBER--LOAN_FK1 (MEMBER--LOAN_FK1)
-> Index : MEMBER--MEMBERGROUP_FK1 (MEMBER--MEMBERGROUP_FK1)
-> Index : MEMBER--RETURN_FK1 (MEMBER--RETURN_FK1)
-> Index : NAME_ITEM_NAME_FK2 (NAME_ITEM_NAME_FK2)
-> Index : RETURNDETAIL_FK1 (RETURNDETAIL_FK1)
-> Index : RETURNDETAIL_FK2 (RETURNDETAIL_FK2)
Generation successful

Usage:
  (1) Go to the directory D:\~scripts\
  (2) Start the SQL interpreter:
        sqlplus <username>/<password>
  (3) Run the database creation script:
        start databa.sql